2019-11-22 23:25:07 [scrapy.utils.log] INFO: Scrapy 1.7.4 started (bot: scraptt)
2019-11-22 23:25:07 [scrapy.utils.log] INFO: Versions: lxml 4.2.5.0, libxml2 2.9.8, cssselect 1.0.3, parsel 1.5.1, w3lib 1.19.0, Twisted 18.9.0, Python 3.7.3 (default, Jun 19 2019, 07:38:49) - [Clang 10.0.1 (clang-1001.0.46.4)], pyOpenSSL 18.0.0 (OpenSSL 1.1.0i  14 Aug 2018), cryptography 2.3.1, Platform Darwin-19.0.0-x86_64-i386-64bit
2019-11-22 23:25:07 [scrapy.crawler] INFO: Overridden settings: {'BOT_NAME': 'scraptt', 'DOWNLOAD_DELAY': 0.4, 'LOG_FILE': './scraptt.log', 'LOG_LEVEL': 'INFO', 'NEWSPIDER_MODULE': 'scraptt.spiders', 'RETRY_HTTP_CODES': [500, 502, 503, 504, 521, 522, 524, 408, 429], 'RETRY_TIMES': 5, 'SPIDER_MODULES': ['scraptt.spiders']}
2019-11-22 23:25:07 [scrapy.middleware] INFO: Enabled extensions:
['scrapy.extensions.corestats.CoreStats',
 'scrapy.extensions.memusage.MemoryUsage',
 'scrapy.extensions.logstats.LogStats']
2019-11-22 23:25:07 [ptt_article] INFO: boards: ['HatePolitics']
2019-11-22 23:25:07 [ptt_article] INFO: all: None
2019-11-22 23:25:07 [ptt_article] INFO: pages: index1 - index3
2019-11-22 23:25:07 [scrapy.middleware] INFO: Enabled downloader middlewares:
['scrapy.downloadermiddlewares.httpauth.HttpAuthMiddleware',
 'scrapy.downloadermiddlewares.downloadtimeout.DownloadTimeoutMiddleware',
 'scrapy.downloadermiddlewares.defaultheaders.DefaultHeadersMiddleware',
 'scrapy_fake_useragent.middleware.RandomUserAgentMiddleware',
 'scraptt.middlewares.PyqueryMiddleware',
 'scrapy.downloadermiddlewares.retry.RetryMiddleware',
 'scrapy.downloadermiddlewares.redirect.MetaRefreshMiddleware',
 'scrapy.downloadermiddlewares.httpcompression.HttpCompressionMiddleware',
 'scrapy.downloadermiddlewares.redirect.RedirectMiddleware',
 'scrapy.downloadermiddlewares.cookies.CookiesMiddleware',
 'scrapy.downloadermiddlewares.httpproxy.HttpProxyMiddleware',
 'scrapy.downloadermiddlewares.stats.DownloaderStats']
2019-11-22 23:25:07 [scrapy.middleware] INFO: Enabled spider middlewares:
['scrapy.spidermiddlewares.httperror.HttpErrorMiddleware',
 'scrapy.spidermiddlewares.offsite.OffsiteMiddleware',
 'scrapy.spidermiddlewares.referer.RefererMiddleware',
 'scrapy.spidermiddlewares.urllength.UrlLengthMiddleware',
 'scrapy.spidermiddlewares.depth.DepthMiddleware']
2019-11-22 23:25:07 [scrapy.middleware] INFO: Enabled item pipelines:
['scraptt.pipelines.HTMLFilePipeline']
2019-11-22 23:25:07 [scrapy.core.engine] INFO: Spider opened
2019-11-22 23:25:07 [scrapy.extensions.logstats] INFO: Crawled 0 pages (at 0 pages/min), scraped 0 items (at 0 items/min)
2019-11-22 23:25:09 [scraptt.pipelines] INFO: HatePolitics-2006-07-28 15:54:02-M.1154073242.A.E94
2019-11-22 23:25:09 [scraptt.pipelines] INFO: HatePolitics-2006-07-26 17:10:44-M.1153905044.A.A16
2019-11-22 23:25:10 [scraptt.pipelines] INFO: HatePolitics-2006-07-24 21:26:16-M.1153747576.A.7F1
2019-11-22 23:25:10 [scraptt.pipelines] INFO: HatePolitics-2006-07-21 00:32:48-M.1153413168.A.16E
2019-11-22 23:25:11 [scraptt.pipelines] INFO: HatePolitics-2006-07-21 00:23:01-M.1153412581.A.1B6
2019-11-22 23:25:11 [scraptt.pipelines] INFO: HatePolitics-2006-07-20 23:54:18-M.1153410858.A.9DB
2019-11-22 23:25:12 [scraptt.pipelines] INFO: HatePolitics-2006-07-20 00:26:51-M.1153326411.A.97B
2019-11-22 23:25:12 [scraptt.pipelines] INFO: HatePolitics-2006-07-18 23:26:21-M.1153236381.A.3B0
2019-11-22 23:25:13 [scraptt.pipelines] INFO: HatePolitics-2006-07-18 02:23:39-M.1153160619.A.C50
2019-11-22 23:25:13 [scraptt.pipelines] INFO: HatePolitics-2006-07-18 02:04:57-M.1153159497.A.151
2019-11-22 23:25:14 [scraptt.pipelines] INFO: HatePolitics-2006-06-20 21:00:38-M.1150808438.A.DC9
2019-11-22 23:25:14 [scraptt.pipelines] INFO: HatePolitics-2006-06-12 13:18:11-M.1150089491.A.6BE
2019-11-22 23:25:15 [scraptt.pipelines] INFO: HatePolitics-2006-05-30 01:08:17-M.1148922497.A.670
2019-11-22 23:25:15 [scraptt.pipelines] INFO: HatePolitics-2006-05-27 23:57:49-M.1148745469.A.E24
2019-11-22 23:25:16 [scraptt.pipelines] INFO: HatePolitics-2006-05-27 11:57:07-M.1148702227.A.20C
2019-11-22 23:25:16 [scraptt.pipelines] INFO: HatePolitics-2006-09-28 13:14:45-M.1159420485.A.01C
2019-11-22 23:25:17 [scraptt.pipelines] INFO: HatePolitics-2006-09-28 10:24:00-M.1159410240.A.371
2019-11-22 23:25:17 [scraptt.pipelines] INFO: HatePolitics-2006-09-30 23:13:23-M.1159629203.A.C90
2019-11-22 23:25:18 [scraptt.pipelines] INFO: HatePolitics-2006-09-30 22:19:46-M.1159625986.A.58F
2019-11-22 23:25:18 [scraptt.pipelines] INFO: HatePolitics-2006-09-30 21:28:44-M.1159622924.A.77E
2019-11-22 23:25:19 [scraptt.pipelines] INFO: HatePolitics-2006-09-30 20:53:06-M.1159620786.A.BDE
2019-11-22 23:25:19 [scraptt.pipelines] INFO: HatePolitics-2006-09-29 22:11:20-M.1159539080.A.BE3
2019-11-22 23:25:20 [scraptt.pipelines] INFO: HatePolitics-2006-09-29 22:06:13-M.1159538773.A.29F
2019-11-22 23:25:20 [scraptt.pipelines] INFO: HatePolitics-2006-09-29 20:09:35-M.1159531775.A.EFD
2019-11-22 23:25:21 [scraptt.pipelines] INFO: HatePolitics-2006-09-29 19:56:21-M.1159530981.A.C0A
2019-11-22 23:25:21 [scraptt.pipelines] INFO: HatePolitics-2006-09-29 19:39:35-M.1159529975.A.C57
2019-11-22 23:25:22 [scraptt.pipelines] INFO: HatePolitics-2006-09-29 19:16:55-M.1159528615.A.407
2019-11-22 23:25:22 [scraptt.pipelines] INFO: HatePolitics-2006-09-29 16:24:31-M.1159518271.A.29E
2019-11-22 23:25:23 [scraptt.pipelines] INFO: HatePolitics-2006-09-29 14:54:42-M.1159512882.A.64A
2019-11-22 23:25:23 [scraptt.pipelines] INFO: HatePolitics-2006-09-29 14:37:39-M.1159511859.A.847
2019-11-22 23:25:24 [scraptt.pipelines] INFO: HatePolitics-2006-09-29 13:40:51-M.1159508451.A.C9A
2019-11-22 23:25:24 [scraptt.pipelines] INFO: HatePolitics-2006-09-29 10:19:05-M.1159496345.A.DEA
2019-11-22 23:25:25 [scraptt.pipelines] INFO: HatePolitics-2006-09-29 08:54:02-M.1159491242.A.C5A
2019-11-22 23:25:25 [scraptt.pipelines] INFO: HatePolitics-2006-09-29 04:47:04-M.1159476424.A.C1D
2019-11-22 23:25:26 [scraptt.pipelines] INFO: HatePolitics-2006-09-29 01:01:27-M.1159462887.A.0DF
2019-11-22 23:25:26 [scraptt.pipelines] INFO: HatePolitics-2006-09-28 18:48:03-M.1159440483.A.8DC
2019-11-22 23:25:27 [scraptt.pipelines] INFO: HatePolitics-2006-09-28 14:43:40-M.1159425820.A.668
2019-11-22 23:25:27 [scraptt.pipelines] INFO: HatePolitics-2006-09-28 02:10:06-M.1159380606.A.EF9
2019-11-22 23:25:28 [scraptt.pipelines] INFO: HatePolitics-2006-09-27 22:55:43-M.1159368943.A.F68
2019-11-22 23:25:28 [scraptt.pipelines] INFO: HatePolitics-2006-09-27 19:23:59-M.1159356239.A.116
2019-11-22 23:25:28 [scraptt.pipelines] INFO: HatePolitics-2006-09-27 19:15:02-M.1159355702.A.341
2019-11-22 23:25:29 [scraptt.pipelines] INFO: HatePolitics-2006-09-27 02:18:16-M.1159294696.A.A53
2019-11-22 23:25:29 [scraptt.pipelines] INFO: HatePolitics-2006-09-27 01:05:49-M.1159290349.A.489
2019-11-22 23:25:30 [scraptt.pipelines] INFO: HatePolitics-2006-09-26 22:03:15-M.1159279395.A.D90
2019-11-22 23:25:30 [scraptt.pipelines] INFO: HatePolitics-2006-09-25 19:18:55-M.1159183135.A.1D9
2019-11-22 23:25:31 [scraptt.pipelines] INFO: HatePolitics-2006-09-24 21:15:26-M.1159103726.A.2A3
2019-11-22 23:25:31 [scraptt.pipelines] INFO: HatePolitics-2006-09-24 15:13:52-M.1159082032.A.F80
2019-11-22 23:25:32 [scraptt.pipelines] INFO: HatePolitics-2006-09-24 11:03:13-M.1159066993.A.A73
2019-11-22 23:25:33 [scraptt.pipelines] INFO: HatePolitics-2006-09-22 21:31:52-M.1158931912.A.953
2019-11-22 23:25:33 [scraptt.pipelines] INFO: HatePolitics-2006-09-19 10:33:10-M.1158633190.A.ED7
2019-11-22 23:25:34 [scraptt.pipelines] INFO: HatePolitics-2006-09-18 02:50:11-M.1158519011.A.1A8
2019-11-22 23:25:34 [scraptt.pipelines] INFO: HatePolitics-2006-09-16 19:52:44-M.1158407564.A.AD8
2019-11-22 23:25:35 [scraptt.pipelines] INFO: HatePolitics-2006-09-07 09:36:13-M.1157592973.A.CAF
2019-11-22 23:25:35 [scraptt.pipelines] INFO: HatePolitics-2006-09-05 23:41:51-M.1157470911.A.896
2019-11-22 23:25:36 [scraptt.pipelines] INFO: HatePolitics-2006-07-30 14:47:32-M.1154242052.A.894
2019-11-22 23:25:36 [scraptt.pipelines] INFO: HatePolitics-2006-05-22 04:45:04-M.1148244304.A.DC7
2019-11-22 23:25:37 [scraptt.pipelines] INFO: HatePolitics-2006-05-20 03:31:04-M.1148067064.A.6B8
2019-11-22 23:25:37 [scraptt.pipelines] INFO: HatePolitics-2006-05-18 03:58:06-M.1147895886.A.38B
2019-11-22 23:25:38 [scraptt.pipelines] INFO: HatePolitics-2006-05-17 11:45:14-M.1147837514.A.BC1
2019-11-22 23:25:38 [scraptt.pipelines] INFO: HatePolitics-2006-04-03 23:54:41-M.1144079681.A.D66
2019-11-22 23:25:38 [scrapy.core.engine] INFO: Closing spider (finished)
2019-11-22 23:25:38 [scrapy.statscollectors] INFO: Dumping Scrapy stats:
{'downloader/request_bytes': 28159,
 'downloader/request_count': 63,
 'downloader/request_method_count/GET': 63,
 'downloader/response_bytes': 310178,
 'downloader/response_count': 63,
 'downloader/response_status_count/200': 63,
 'elapsed_time_seconds': 31.024168,
 'finish_reason': 'finished',
 'finish_time': datetime.datetime(2019, 11, 22, 15, 25, 38, 809997),
 'item_scraped_count': 60,
 'log_count/INFO': 71,
 'memusage/max': 53829632,
 'memusage/startup': 53829632,
 'request_depth_max': 1,
 'response_received_count': 63,
 'scheduler/dequeued': 63,
 'scheduler/dequeued/memory': 63,
 'scheduler/enqueued': 63,
 'scheduler/enqueued/memory': 63,
 'start_time': datetime.datetime(2019, 11, 22, 15, 25, 7, 785829)}
2019-11-22 23:25:38 [scrapy.core.engine] INFO: Spider closed (finished)
